d:\homework\helloworld\debug\vc143.pdb
d:\homework\helloworld\debug\vc143.idb
d:\homework\helloworld\debug\helloworld.obj
d:\homework\helloworld\debug\3-b8.obj
d:\homework\helloworld\debug\3-b7-2.obj
d:\homework\helloworld\debug\3-b6-2.obj
d:\homework\helloworld\debug\3-b5-2.obj
d:\homework\helloworld\debug\3-b4-2.obj
d:\homework\helloworld\debug\3-b3-2.obj
d:\homework\helloworld\debug\3-b2-2.obj
d:\homework\helloworld\debug\3-b1-2.obj
d:\homework\helloworld\debug\3-b11-5.obj
d:\homework\helloworld\debug\3-b11-4.obj
d:\homework\helloworld\debug\3-b11-3.obj
d:\homework\helloworld\debug\3-b11-2.obj
d:\homework\helloworld\debug\3-b11-1.obj
d:\homework\helloworld\debug\3-b10-1.obj
d:\homework\helloworld\debug\3-b12-1.obj
d:\homework\debug\helloworld.exe
d:\homework\helloworld\debug\helloworld.ilk
d:\homework\debug\helloworld.pdb
d:\homework\helloworld\debug\3-b10.obj
d:\homework\helloworld\debug\helloworld.tlog\cl.command.1.tlog
d:\homework\helloworld\debug\helloworld.tlog\cl.items.tlog
d:\homework\helloworld\debug\helloworld.tlog\cl.read.1.tlog
d:\homework\helloworld\debug\helloworld.tlog\cl.write.1.tlog
d:\homework\helloworld\debug\helloworld.tlog\link.command.1.tlog
d:\homework\helloworld\debug\helloworld.tlog\link.read.1.tlog
d:\homework\helloworld\debug\helloworld.tlog\link.write.1.tlog
