d:\homework\helloworld-c\debug\vc143.pdb
d:\homework\helloworld-c\debug\vc143.idb
d:\homework\helloworld-c\debug\3-b9.obj
d:\homework\helloworld-c\debug\3-b8.obj
d:\homework\helloworld-c\debug\3-b7-1.obj
d:\homework\helloworld-c\debug\3-b6-1.obj
d:\homework\helloworld-c\debug\3-b5-1.obj
d:\homework\helloworld-c\debug\homework.obj
d:\homework\helloworld-c\debug\3-b4-1.obj
d:\homework\helloworld-c\debug\3-b3-1.obj
d:\homework\helloworld-c\debug\3-b2-1.obj
d:\homework\helloworld-c\debug\3-b1-1.obj
d:\homework\helloworld-c\debug\3-b-10-2.obj
d:\homework\debug\helloworld-c.exe
d:\homework\helloworld-c\debug\helloworld-c.ilk
d:\homework\debug\helloworld-c.pdb
d:\homework\helloworld-c\debug\3-b-10.obj
d:\homework\helloworld-c\debug\helloworld-c.tlog\cl.command.1.tlog
d:\homework\helloworld-c\debug\helloworld-c.tlog\cl.items.tlog
d:\homework\helloworld-c\debug\helloworld-c.tlog\cl.read.1.tlog
d:\homework\helloworld-c\debug\helloworld-c.tlog\cl.write.1.tlog
d:\homework\helloworld-c\debug\helloworld-c.tlog\link.command.1.tlog
d:\homework\helloworld-c\debug\helloworld-c.tlog\link.read.1.tlog
d:\homework\helloworld-c\debug\helloworld-c.tlog\link.write.1.tlog
